Using pre-set license
Built from '2020.2/staging' branch; Version is '2020.2.3f1 (8ff31bc5bf5b) revision 9433883'; Using compiler version '192528614'; Build Type 'Release'
OS: 'Windows 10 Home Single Language; OS build 18362.657; Version 1903; 64bit' Language: 'en' Physical Memory: 16236 MB
BatchMode: 1, IsHumanControllingUs: 0, StartBugReporterOnCrash: 0, Is64bit: 1, IsPro: 0

 COMMAND LINE ARGUMENTS:
D:\Unity\2020.2.3f1\Editor\Unity.exe
-adb2
-batchMode
-noUpm
-name
AssetImportWorker0
-projectPath
C:/Users/redsaucepasta/Desktop/amit/atom/gameDev/FPSproj
-logFile
Logs/AssetImportWorker0.log
-srvPort
51371
Successfully changed project path to: C:/Users/redsaucepasta/Desktop/amit/atom/gameDev/FPSproj
C:/Users/redsaucepasta/Desktop/amit/atom/gameDev/FPSproj
Using Asset Import Pipeline V2.
Refreshing native plugins compatible for Editor in 105.03 ms, found 0 plugins.
Preloading 0 native plugins for Editor in 0.00 ms.
Initialize engine version: 2020.2.3f1 (8ff31bc5bf5b)
[Subsystems] Discovering subsystems at path D:/Unity/2020.2.3f1/Editor/Data/Resources/UnitySubsystems
[Subsystems] Discovering subsystems at path C:/Users/redsaucepasta/Desktop/amit/atom/gameDev/FPSproj/Assets
GfxDevice: creating device client; threaded=0
Direct3D:
    Version:  Direct3D 11.0 [level 11.1]
    Renderer: NVIDIA GeForce GTX 1650 (ID=0x1f91)
    Vendor:   
    VRAM:     3962 MB
    Driver:   27.21.14.6589
Initialize mono
Mono path[0] = 'D:/Unity/2020.2.3f1/Editor/Data/Managed'
Mono path[1] = 'D:/Unity/2020.2.3f1/Editor/Data/MonoBleedingEdge/lib/mono/unityjit'
Mono config path = 'D:/Unity/2020.2.3f1/Editor/Data/MonoBleedingEdge/etc'
Using monoOptions --debugger-agent=transport=dt_socket,embedding=1,server=y,suspend=n,address=127.0.0.1:56796
Begin MonoManager ReloadAssembly
Registering precompiled unity dll's ...
Register platform support module: D:/Unity/2020.2.3f1/Editor/Data/PlaybackEngines/WindowsStandaloneSupport/UnityEditor.WindowsStandalone.Extensions.dll
Registered in 0.001813 seconds.
Native extension for WindowsStandalone target not found
Refreshing native plugins compatible for Editor in 91.31 ms, found 0 plugins.
Preloading 0 native plugins for Editor in 0.00 ms.
Invoked RoslynAnalysisRunner static constructor.
RoslynAnalysisRunner will not be running.
RoslynAnalysisRunner has terminated.
Mono: successfully reloaded assembly
- Completed reload, in  1.782 seconds
Platform modules already initialized, skipping
Registering precompiled user dll's ...
Registered in 0.004527 seconds.
Begin MonoManager ReloadAssembly
Native extension for WindowsStandalone target not found
Refreshing native plugins compatible for Editor in 1.05 ms, found 0 plugins.
Preloading 0 native plugins for Editor in 0.00 ms.
Invoked RoslynAnalysisRunner static constructor.
RoslynAnalysisRunner will not be running.
RoslynAnalysisRunner has terminated.
Mono: successfully reloaded assembly
- Completed reload, in  1.893 seconds
Platform modules already initialized, skipping
========================================================================
Worker process is ready to serve import requests
Launched and connected shader compiler UnityShaderCompiler.exe after 0.07 seconds
Refreshing native plugins compatible for Editor in 1.07 ms, found 0 plugins.
Preloading 0 native plugins for Editor in 0.00 ms.
Unloading 1509 Unused Serialized files (Serialized files now loaded: 0)
System memory in use before: 94.6 MB.
System memory in use after: 94.3 MB.

Unloading 34 unused Assets to reduce memory usage. Loaded Objects now: 1967.
Total: 4.303700 ms (FindLiveObjects: 0.372800 ms CreateObjectMapping: 0.098800 ms MarkObjects: 3.082900 ms  DeleteObjects: 0.746800 ms)

========================================================================
Received Import Request.
  path: Assets/Scenes
  artifactKey: Guid(6221590f707a3ad459eb9561c824eb4d) Importer(815301076,1909f56bfc062723c751e8b465ee728b)
Start importing Assets/Scenes using Guid(6221590f707a3ad459eb9561c824eb4d) Importer(815301076,1909f56bfc062723c751e8b465ee728b)  -> (artifact id: 'e059f6f16f0bc4e94eb1978dd5e4d1d8') in 0.008072 seconds
  Import took 0.013159 seconds .

========================================================================
Received Import Request.
  Time since last request: 12.302061 seconds.
  path: Assets/Scenes/Animations
  artifactKey: Guid(79cfab95777053f469656f67cc04cfa9) Importer(815301076,1909f56bfc062723c751e8b465ee728b)
Start importing Assets/Scenes/Animations using Guid(79cfab95777053f469656f67cc04cfa9) Importer(815301076,1909f56bfc062723c751e8b465ee728b)  -> (artifact id: 'c57c58d66ee5f42fb8137ed8eabdb282') in 0.004167 seconds
  Import took 0.009616 seconds .

========================================================================
Received Import Request.
  Time since last request: 3.867230 seconds.
  path: Assets/Scenes/Animations/Z_FallingBack.anim
  artifactKey: Guid(812aae90a9297f249908057eed4c0879) Importer(815301076,1909f56bfc062723c751e8b465ee728b)
Start importing Assets/Scenes/Animations/Z_FallingBack.anim using Guid(812aae90a9297f249908057eed4c0879) Importer(815301076,1909f56bfc062723c751e8b465ee728b)  -> (artifact id: 'ecd350079155819d617ce3533ffa2e8e') in 0.068979 seconds
  Import took 0.074370 seconds .

========================================================================
Received Prepare
Refreshing native plugins compatible for Editor in 11.94 ms, found 0 plugins.
Preloading 0 native plugins for Editor in 0.00 ms.
Unloading 23 Unused Serialized files (Serialized files now loaded: 0)
System memory in use before: 63.2 MB.
System memory in use after: 63.0 MB.

Unloading 23 unused Assets to reduce memory usage. Loaded Objects now: 1967.
Total: 5.377000 ms (FindLiveObjects: 0.416100 ms CreateObjectMapping: 0.144300 ms MarkObjects: 4.243400 ms  DeleteObjects: 0.570600 ms)

========================================================================
Received Prepare
Registering precompiled user dll's ...
Registered in 0.004282 seconds.
Begin MonoManager ReloadAssembly
Native extension for WindowsStandalone target not found
Refreshing native plugins compatible for Editor in 1.07 ms, found 0 plugins.
Preloading 0 native plugins for Editor in 0.00 ms.
Invoked RoslynAnalysisRunner static constructor.
RoslynAnalysisRunner will not be running.
RoslynAnalysisRunner has terminated.
Mono: successfully reloaded assembly
- Completed reload, in  1.784 seconds
Platform modules already initialized, skipping
Refreshing native plugins compatible for Editor in 1.16 ms, found 0 plugins.
Preloading 0 native plugins for Editor in 0.00 ms.
Unloading 1474 Unused Serialized files (Serialized files now loaded: 0)
System memory in use before: 92.0 MB.
System memory in use after: 91.8 MB.

Unloading 25 unused Assets to reduce memory usage. Loaded Objects now: 1969.
Total: 5.891300 ms (FindLiveObjects: 0.479400 ms CreateObjectMapping: 0.223000 ms MarkObjects: 4.556800 ms  DeleteObjects: 0.629300 ms)

